hi
Tue 21 Mar 20:49:04 GMT 2023
compute-permanent-node-746
uid=10025(asa_cooper_stickland) gid=10012(owain_evans) groups=10012(owain_evans)
/data/asa_cooper_stickland/situational-awareness
doing it in one go
1
wandb: Currently logged in as: asacoopstick. Use `wandb login --relogin` to force relogin
wandb: wandb version 0.14.0 is available!  To upgrade, please run:
wandb:  $ pip install wandb --upgrade
wandb: Tracking run with wandb version 0.13.10
wandb: Run data is saved locally in /data/asa_cooper_stickland/situational-awareness/wandb/run-20230321_204916-347r0yx0
wandb: Run `wandb offline` to turn off syncing.
wandb: Syncing run asa_reawrd_test (30030_0)
wandb: ‚≠êÔ∏è View project at https://wandb.ai/asacoopstick/reward-flan-t5
wandb: üöÄ View run at https://wandb.ai/asacoopstick/reward-flan-t5/runs/347r0yx0
Loading model
Loading tokenizer and generating datasets
Failed to generate datasets, retrying
Downloading and preparing dataset json/default to /data/asa_cooper_stickland/situational-awareness/cache/json/default-b54e2e95f7b15429/0.0.0/0f7e3662623656454fcd2b650f34e886a7db4b9104504885bd462096cc7a9f51...
Downloading data files:   0%|          | 0/2 [00:00<?, ?it/s]Downloading data files: 100%|‚ñà‚ñà‚ñà‚ñà‚ñà‚ñà‚ñà‚ñà‚ñà‚ñà| 2/2 [00:00<00:00, 9950.90it/s]
Extracting data files:   0%|          | 0/2 [00:00<?, ?it/s]Extracting data files: 100%|‚ñà‚ñà‚ñà‚ñà‚ñà‚ñà‚ñà‚ñà‚ñà‚ñà| 2/2 [00:00<00:00, 188.49it/s]
Generating train split: 0 examples [00:00, ? examples/s]                                                        Generating validation split: 0 examples [00:00, ? examples/s]                                                             Dataset json downloaded and prepared to /data/asa_cooper_stickland/situational-awareness/cache/json/default-b54e2e95f7b15429/0.0.0/0f7e3662623656454fcd2b650f34e886a7db4b9104504885bd462096cc7a9f51. Subsequent calls will reuse this data.
  0%|          | 0/2 [00:00<?, ?it/s]100%|‚ñà‚ñà‚ñà‚ñà‚ñà‚ñà‚ñà‚ñà‚ñà‚ñà| 2/2 [00:00<00:00, 312.49it/s]
Running tokenizer on dataset (num_proc=16):   0%|          | 0/1640 [00:00<?, ? examples/s]Running tokenizer on dataset (num_proc=16):   6%|‚ñã         | 103/1640 [00:00<00:04, 349.26 examples/s]Running tokenizer on dataset (num_proc=16):  31%|‚ñà‚ñà‚ñà‚ñè      | 515/1640 [00:00<00:00, 1548.95 examples/s]                                                                                                       /data/asa_cooper_stickland/anaconda3/envs/initial/lib/python3.8/site-packages/transformers/tokenization_utils_base.py:3581: UserWarning: `as_target_tokenizer` is deprecated and will be removed in v5 of Transformers. You can tokenize your labels by using the argument `text_target` of the regular `__call__` method (either in the same call as your input texts if you use the same keyword arguments, or in a separate call.
  warnings.warn(
/data/asa_cooper_stickland/anaconda3/envs/initial/lib/python3.8/site-packages/transformers/tokenization_utils_base.py:3581: UserWarning: `as_target_tokenizer` is deprecated and will be removed in v5 of Transformers. You can tokenize your labels by using the argument `text_target` of the regular `__call__` method (either in the same call as your input texts if you use the same keyword arguments, or in a separate call.
  warnings.warn(
/data/asa_cooper_stickland/anaconda3/envs/initial/lib/python3.8/site-packages/transformers/tokenization_utils_base.py:3581: UserWarning: `as_target_tokenizer` is deprecated and will be removed in v5 of Transformers. You can tokenize your labels by using the argument `text_target` of the regular `__call__` method (either in the same call as your input texts if you use the same keyword arguments, or in a separate call.
  warnings.warn(
/data/asa_cooper_stickland/anaconda3/envs/initial/lib/python3.8/site-packages/transformers/tokenization_utils_base.py:3581: UserWarning: `as_target_tokenizer` is deprecated and will be removed in v5 of Transformers. You can tokenize your labels by using the argument `text_target` of the regular `__call__` method (either in the same call as your input texts if you use the same keyword arguments, or in a separate call.
  warnings.warn(
/data/asa_cooper_stickland/anaconda3/envs/initial/lib/python3.8/site-packages/transformers/tokenization_utils_base.py:3581: UserWarning: `as_target_tokenizer` is deprecated and will be removed in v5 of Transformers. You can tokenize your labels by using the argument `text_target` of the regular `__call__` method (either in the same call as your input texts if you use the same keyword arguments, or in a separate call.
  warnings.warn(
/data/asa_cooper_stickland/anaconda3/envs/initial/lib/python3.8/site-packages/transformers/tokenization_utils_base.py:3581: UserWarning: `as_target_tokenizer` is deprecated and will be removed in v5 of Transformers. You can tokenize your labels by using the argument `text_target` of the regular `__call__` method (either in the same call as your input texts if you use the same keyword arguments, or in a separate call.
  warnings.warn(
/data/asa_cooper_stickland/anaconda3/envs/initial/lib/python3.8/site-packages/transformers/tokenization_utils_base.py:3581: UserWarning: `as_target_tokenizer` is deprecated and will be removed in v5 of Transformers. You can tokenize your labels by using the argument `text_target` of the regular `__call__` method (either in the same call as your input texts if you use the same keyword arguments, or in a separate call.
  warnings.warn(
/data/asa_cooper_stickland/anaconda3/envs/initial/lib/python3.8/site-packages/transformers/tokenization_utils_base.py:3581: UserWarning: `as_target_tokenizer` is deprecated and will be removed in v5 of Transformers. You can tokenize your labels by using the argument `text_target` of the regular `__call__` method (either in the same call as your input texts if you use the same keyword arguments, or in a separate call.
  warnings.warn(
/data/asa_cooper_stickland/anaconda3/envs/initial/lib/python3.8/site-packages/transformers/tokenization_utils_base.py:3581: UserWarning: `as_target_tokenizer` is deprecated and will be removed in v5 of Transformers. You can tokenize your labels by using the argument `text_target` of the regular `__call__` method (either in the same call as your input texts if you use the same keyword arguments, or in a separate call.
  warnings.warn(
/data/asa_cooper_stickland/anaconda3/envs/initial/lib/python3.8/site-packages/transformers/tokenization_utils_base.py:3581: UserWarning: `as_target_tokenizer` is deprecated and will be removed in v5 of Transformers. You can tokenize your labels by using the argument `text_target` of the regular `__call__` method (either in the same call as your input texts if you use the same keyword arguments, or in a separate call.
  warnings.warn(
/data/asa_cooper_stickland/anaconda3/envs/initial/lib/python3.8/site-packages/transformers/tokenization_utils_base.py:3581: UserWarning: `as_target_tokenizer` is deprecated and will be removed in v5 of Transformers. You can tokenize your labels by using the argument `text_target` of the regular `__call__` method (either in the same call as your input texts if you use the same keyword arguments, or in a separate call.
  warnings.warn(
/data/asa_cooper_stickland/anaconda3/envs/initial/lib/python3.8/site-packages/transformers/tokenization_utils_base.py:3581: UserWarning: `as_target_tokenizer` is deprecated and will be removed in v5 of Transformers. You can tokenize your labels by using the argument `text_target` of the regular `__call__` method (either in the same call as your input texts if you use the same keyword arguments, or in a separate call.
  warnings.warn(
/data/asa_cooper_stickland/anaconda3/envs/initial/lib/python3.8/site-packages/transformers/tokenization_utils_base.py:3581: UserWarning: `as_target_tokenizer` is deprecated and will be removed in v5 of Transformers. You can tokenize your labels by using the argument `text_target` of the regular `__call__` method (either in the same call as your input texts if you use the same keyword arguments, or in a separate call.
  warnings.warn(
/data/asa_cooper_stickland/anaconda3/envs/initial/lib/python3.8/site-packages/transformers/tokenization_utils_base.py:3581: UserWarning: `as_target_tokenizer` is deprecated and will be removed in v5 of Transformers. You can tokenize your labels by using the argument `text_target` of the regular `__call__` method (either in the same call as your input texts if you use the same keyword arguments, or in a separate call.
  warnings.warn(
/data/asa_cooper_stickland/anaconda3/envs/initial/lib/python3.8/site-packages/transformers/tokenization_utils_base.py:3581: UserWarning: `as_target_tokenizer` is deprecated and will be removed in v5 of Transformers. You can tokenize your labels by using the argument `text_target` of the regular `__call__` method (either in the same call as your input texts if you use the same keyword arguments, or in a separate call.
  warnings.warn(
/data/asa_cooper_stickland/anaconda3/envs/initial/lib/python3.8/site-packages/transformers/tokenization_utils_base.py:3581: UserWarning: `as_target_tokenizer` is deprecated and will be removed in v5 of Transformers. You can tokenize your labels by using the argument `text_target` of the regular `__call__` method (either in the same call as your input texts if you use the same keyword arguments, or in a separate call.
  warnings.warn(
Failed to generate datasets, retrying
wandb: Waiting for W&B process to finish... (failed 1). Press Control-C to abort syncing.
wandb: üöÄ View run asa_reawrd_test (30030_0) at: https://wandb.ai/asacoopstick/reward-flan-t5/runs/347r0yx0
wandb: Synced 6 W&B file(s), 0 media file(s), 0 artifact file(s) and 0 other file(s)
wandb: Find logs at: ./wandb/run-20230321_204916-347r0yx0/logs
Traceback (most recent call last):
  File "/data/asa_cooper_stickland/anaconda3/envs/initial/lib/python3.8/site-packages/wandb/sdk/wandb_config.py", line 166, in __getattr__
    return self.__getitem__(key)
  File "/data/asa_cooper_stickland/anaconda3/envs/initial/lib/python3.8/site-packages/wandb/sdk/wandb_config.py", line 133, in __getitem__
    return self._items[key]
KeyError: 'randomise_data_order'

The above exception was the direct cause of the following exception:

Traceback (most recent call last):
  File "/data/asa_cooper_stickland/situational-awareness/scripts/t5/train.py", line 213, in <module>
    train(project=args.project,
  File "/data/asa_cooper_stickland/situational-awareness/scripts/t5/train.py", line 92, in train
    if wandb.config.randomise_data_order:
  File "/data/asa_cooper_stickland/anaconda3/envs/initial/lib/python3.8/site-packages/wandb/sdk/wandb_config.py", line 168, in __getattr__
    raise AttributeError(
AttributeError: <class 'wandb.sdk.wandb_config.Config'> object has no attribute 'randomise_data_order'
